
=== Sun Mar 13 14:13:58 2022

Packages were changed.
Update Mode: updateDependencies

The following packages were added:
  com.unity.ide.visualstudio@2.0.12
The following packages were updated:
  com.unity.2d.common from version 2.0.2 to 2.1.0
  com.unity.collab-proxy from version 1.2.16 to 1.14.4
  com.unity.ide.rider from version 1.1.4 to 1.2.1
  com.unity.ide.vscode from version 1.1.4 to 1.2.4
  com.unity.render-pipelines.universal from version 7.1.8 to 7.3.1
  com.unity.test-framework from version 1.1.11 to 1.1.29
  com.unity.textmeshpro from version 2.0.1 to 2.1.4
  com.unity.timeline from version 1.2.12 to 1.2.18

=== Sun Mar 13 14:28:54 2022

Packages were changed.
Update Mode: updateDependencies

The following packages were updated:
  com.unity.2d.common from version 2.1.0 to 4.1.0
  com.unity.collab-proxy from version 1.14.4 to 1.15.12
  com.unity.ide.rider from version 1.2.1 to 2.0.7
  com.unity.ide.visualstudio from version 2.0.12 to 2.0.14
  com.unity.render-pipelines.universal from version 7.3.1 to 10.8.1
  com.unity.textmeshpro from version 2.1.4 to 3.0.6
  com.unity.timeline from version 1.2.18 to 1.4.8
